<?xml version="1.0" encoding="UTF-8"?>
<testng-results ignored="0" total="5" passed="4" failed="1" skipped="0">
  <reporter-output>
  </reporter-output>
  <suite started-at="2021-04-05T17:17:45 IST" name="Suite" finished-at="2021-04-05T17:17:52 IST" duration-ms="6517">
    <groups>
    </groups>
    <test started-at="2021-04-05T17:17:45 IST" name="Test" finished-at="2021-04-05T17:17:52 IST" duration-ms="6517">
      <class name="com.qa.testcases.TC_002_basistests">
        <test-method is-config="true" signature="getallusers()[pri:0, instance:com.qa.testcases.TC_002_basistests@670002]" started-at="2021-04-05T17:17:46 IST" name="getallusers" finished-at="2021-04-05T17:17:52 IST" duration-ms="5962" status="PASS">
          <reporter-output>
          </reporter-output>
        </test-method> <!-- getallusers -->
        <test-method signature="verfiyContentLenght()[pri:0, instance:com.qa.testcases.TC_002_basistests@670002]" started-at="2021-04-05T17:17:52 IST" name="verfiyContentLenght" finished-at="2021-04-05T17:17:52 IST" duration-ms="15" status="FAIL">
          <exception class="java.lang.NumberFormatException">
            <message>
              <![CDATA[null]]>
            </message>
            <full-stacktrace>
              <![CDATA[java.lang.NumberFormatException: null
at java.base/java.lang.Integer.parseInt(Integer.java:614)
at java.base/java.lang.Integer.parseInt(Integer.java:770)
at com.qa.testcases.TC_002_basistests.verfiyContentLenght(TC_002_basistests.java:49)
at java.base/jdk.internal.reflect.NativeMethodAccessorImpl.invoke0(Native Method)
at java.base/jdk.internal.reflect.NativeMethodAccessorImpl.invoke(NativeMethodAccessorImpl.java:64)
at java.base/jdk.internal.reflect.DelegatingMethodAccessorImpl.invoke(DelegatingMethodAccessorImpl.java:43)
at java.base/java.lang.reflect.Method.invoke(Method.java:564)
at org.testng.internal.MethodInvocationHelper.invokeMethod(MethodInvocationHelper.java:132)
at org.testng.internal.TestInvoker.invokeMethod(TestInvoker.java:599)
at org.testng.internal.TestInvoker.invokeTestMethod(TestInvoker.java:174)
at org.testng.internal.MethodRunner.runInSequence(MethodRunner.java:46)
at org.testng.internal.TestInvoker$MethodInvocationAgent.invoke(TestInvoker.java:822)
at org.testng.internal.TestInvoker.invokeTestMethods(TestInvoker.java:147)
at org.testng.internal.TestMethodWorker.invokeTestMethods(TestMethodWorker.java:146)
at org.testng.internal.TestMethodWorker.run(TestMethodWorker.java:128)
at java.base/java.util.ArrayList.forEach(ArrayList.java:1511)
at org.testng.TestRunner.privateRun(TestRunner.java:764)
at org.testng.TestRunner.run(TestRunner.java:585)
at org.testng.SuiteRunner.runTest(SuiteRunner.java:384)
at org.testng.SuiteRunner.runSequentially(SuiteRunner.java:378)
at org.testng.SuiteRunner.privateRun(SuiteRunner.java:337)
at org.testng.SuiteRunner.run(SuiteRunner.java:286)
at org.testng.SuiteRunnerWorker.runSuite(SuiteRunnerWorker.java:53)
at org.testng.SuiteRunnerWorker.run(SuiteRunnerWorker.java:96)
at org.testng.TestNG.runSuitesSequentially(TestNG.java:1218)
at org.testng.TestNG.runSuitesLocally(TestNG.java:1140)
at org.testng.TestNG.runSuites(TestNG.java:1069)
at org.testng.TestNG.run(TestNG.java:1037)
at org.testng.remote.AbstractRemoteTestNG.run(AbstractRemoteTestNG.java:115)
at org.testng.remote.RemoteTestNG.initAndRun(RemoteTestNG.java:251)
at org.testng.remote.RemoteTestNG.main(RemoteTestNG.java:77)
]]>
            </full-stacktrace>
          </exception> <!-- java.lang.NumberFormatException -->
          <reporter-output>
          </reporter-output>
        </test-method> <!-- verfiyContentLenght -->
        <test-method signature="verifyCookies()[pri:0, instance:com.qa.testcases.TC_002_basistests@670002]" started-at="2021-04-05T17:17:52 IST" name="verifyCookies" finished-at="2021-04-05T17:17:52 IST" duration-ms="2" status="PASS">
          <reporter-output>
          </reporter-output>
        </test-method> <!-- verifyCookies -->
        <test-method signature="verifyResonseBody()[pri:0, instance:com.qa.testcases.TC_002_basistests@670002]" started-at="2021-04-05T17:17:52 IST" name="verifyResonseBody" finished-at="2021-04-05T17:17:52 IST" duration-ms="45" status="PASS">
          <reporter-output>
          </reporter-output>
        </test-method> <!-- verifyResonseBody -->
        <test-method signature="verifyResponseTime()[pri:0, instance:com.qa.testcases.TC_002_basistests@670002]" started-at="2021-04-05T17:17:52 IST" name="verifyResponseTime" finished-at="2021-04-05T17:17:52 IST" duration-ms="5" status="PASS">
          <reporter-output>
          </reporter-output>
        </test-method> <!-- verifyResponseTime -->
        <test-method signature="verifyStatusCode()[pri:0, instance:com.qa.testcases.TC_002_basistests@670002]" started-at="2021-04-05T17:17:52 IST" name="verifyStatusCode" finished-at="2021-04-05T17:17:52 IST" duration-ms="4" status="PASS">
          <reporter-output>
          </reporter-output>
        </test-method> <!-- verifyStatusCode -->
        <test-method is-config="true" signature="tearDown()[pri:0, instance:com.qa.testcases.TC_002_basistests@670002]" started-at="2021-04-05T17:17:52 IST" name="tearDown" finished-at="2021-04-05T17:17:52 IST" duration-ms="1" status="PASS">
          <reporter-output>
          </reporter-output>
        </test-method> <!-- tearDown -->
      </class> <!-- com.qa.testcases.TC_002_basistests -->
    </test> <!-- Test -->
  </suite> <!-- Suite -->
</testng-results>
