<?xml version="1.0" encoding="UTF-8"?>
<!-- Generated by org.testng.reporters.JUnitXMLReporter -->
<testsuite ignored="0" hostname="DESKTOP-G4QN8D8" failures="1" tests="5" name="Test" time="6.517" errors="0" timestamp="2021-04-05T17:17:52 IST">
  <testcase classname="com.qa.testcases.TC_002_basistests" name="verfiyContentLenght" time="0.015">
    <failure type="java.lang.NumberFormatException" message="null">
      <![CDATA[java.lang.NumberFormatException: null
at java.base/java.lang.Integer.parseInt(Integer.java:614)
at java.base/java.lang.Integer.parseInt(Integer.java:770)
at com.qa.testcases.TC_002_basistests.verfiyContentLenght(TC_002_basistests.java:49)
at java.base/java.util.ArrayList.forEach(ArrayList.java:1511)
... Removed 27 stack frames]]>
    </failure>
  </testcase> <!-- verfiyContentLenght -->
  <testcase classname="com.qa.testcases.TC_002_basistests" name="verifyCookies" time="0.002"/>
  <testcase classname="com.qa.testcases.TC_002_basistests" name="verifyResonseBody" time="0.045"/>
  <testcase classname="com.qa.testcases.TC_002_basistests" name="verifyResponseTime" time="0.005"/>
  <testcase classname="com.qa.testcases.TC_002_basistests" name="verifyStatusCode" time="0.004"/>
</testsuite> <!-- Test -->
